/home/ana/meu_workspace/src/turtlebot3_teleop2/install/turtlebot3_teleop2/lib/python3.10/site-packages/turtlebot3_teleop2/stop_robot_client.py
/home/ana/meu_workspace/src/turtlebot3_teleop2/install/turtlebot3_teleop2/lib/python3.10/site-packages/turtlebot3_teleop2/__init__.py
/home/ana/meu_workspace/src/turtlebot3_teleop2/install/turtlebot3_teleop2/lib/python3.10/site-packages/turtlebot3_teleop2/teleop.py
/home/ana/meu_workspace/src/turtlebot3_teleop2/install/turtlebot3_teleop2/lib/python3.10/site-packages/turtlebot3_teleop2/sender.py
/home/ana/meu_workspace/src/turtlebot3_teleop2/install/turtlebot3_teleop2/lib/python3.10/site-packages/turtlebot3_teleop2/__pycache__/stop_robot_client.cpython-310.pyc
/home/ana/meu_workspace/src/turtlebot3_teleop2/install/turtlebot3_teleop2/lib/python3.10/site-packages/turtlebot3_teleop2/__pycache__/__init__.cpython-310.pyc
/home/ana/meu_workspace/src/turtlebot3_teleop2/install/turtlebot3_teleop2/lib/python3.10/site-packages/turtlebot3_teleop2/__pycache__/teleop.cpython-310.pyc
/home/ana/meu_workspace/src/turtlebot3_teleop2/install/turtlebot3_teleop2/lib/python3.10/site-packages/turtlebot3_teleop2/__pycache__/sender.cpython-310.pyc
/home/ana/meu_workspace/src/turtlebot3_teleop2/install/turtlebot3_teleop2/share/ament_index/resource_index/packages/turtlebot3_teleop2
/home/ana/meu_workspace/src/turtlebot3_teleop2/install/turtlebot3_teleop2/share/turtlebot3_teleop2/package.xml
/home/ana/meu_workspace/src/turtlebot3_teleop2/install/turtlebot3_teleop2/lib/python3.10/site-packages/turtlebot3_teleop2-0.0.0-py3.10.egg-info/entry_points.txt
/home/ana/meu_workspace/src/turtlebot3_teleop2/install/turtlebot3_teleop2/lib/python3.10/site-packages/turtlebot3_teleop2-0.0.0-py3.10.egg-info/requires.txt
/home/ana/meu_workspace/src/turtlebot3_teleop2/install/turtlebot3_teleop2/lib/python3.10/site-packages/turtlebot3_teleop2-0.0.0-py3.10.egg-info/zip-safe
/home/ana/meu_workspace/src/turtlebot3_teleop2/install/turtlebot3_teleop2/lib/python3.10/site-packages/turtlebot3_teleop2-0.0.0-py3.10.egg-info/SOURCES.txt
/home/ana/meu_workspace/src/turtlebot3_teleop2/install/turtlebot3_teleop2/lib/python3.10/site-packages/turtlebot3_teleop2-0.0.0-py3.10.egg-info/dependency_links.txt
/home/ana/meu_workspace/src/turtlebot3_teleop2/install/turtlebot3_teleop2/lib/python3.10/site-packages/turtlebot3_teleop2-0.0.0-py3.10.egg-info/PKG-INFO
/home/ana/meu_workspace/src/turtlebot3_teleop2/install/turtlebot3_teleop2/lib/python3.10/site-packages/turtlebot3_teleop2-0.0.0-py3.10.egg-info/top_level.txt
/home/ana/meu_workspace/src/turtlebot3_teleop2/install/turtlebot3_teleop2/lib/turtlebot3_teleop2/stop_robot_client
/home/ana/meu_workspace/src/turtlebot3_teleop2/install/turtlebot3_teleop2/lib/turtlebot3_teleop2/teleop
/home/ana/meu_workspace/src/turtlebot3_teleop2/install/turtlebot3_teleop2/lib/turtlebot3_teleop2/webcan_publisher
