[2.043s] DEBUG:colcon:Command line arguments: ['/usr/bin/colcon', 'build']
[2.043s] DEBUG:colcon:Parsed command line arguments: Namespace(log_base=None, log_level=None, verb_name='build', build_base='build', install_base='install', merge_install=False, symlink_install=False, test_result_base=None, continue_on_error=False, executor='parallel', parallel_workers=8, event_handlers=None, ignore_user_meta=False, metas=['./colcon.meta'], base_paths=['.'], packages_ignore=None, packages_ignore_regex=None, paths=None, packages_up_to=None, packages_up_to_regex=None, packages_above=None, packages_above_and_dependencies=None, packages_above_depth=None, packages_select_by_dep=None, packages_skip_by_dep=None, packages_skip_up_to=None, packages_select_build_failed=False, packages_skip_build_finished=False, packages_select_test_failures=False, packages_skip_test_passed=False, packages_select=None, packages_skip=None, packages_select_regex=None, packages_skip_regex=None, packages_start=None, packages_end=None, allow_overriding=[], cmake_args=None, cmake_target=None, cmake_target_skip_unavailable=False, cmake_clean_cache=False, cmake_clean_first=False, cmake_force_configure=False, ament_cmake_args=None, catkin_cmake_args=None, catkin_skip_building_tests=False, verb_parser=<colcon_defaults.argument_parser.defaults.DefaultArgumentsDecorator object at 0x75e1bfc3d210>, verb_extension=<colcon_core.verb.build.BuildVerb object at 0x75e1bfc3c400>, main=<bound method BuildVerb.main of <colcon_core.verb.build.BuildVerb object at 0x75e1bfc3c400>>)
[3.374s] Level 1:colcon.colcon_core.package_discovery:discover_packages(colcon_meta) check parameters
[3.374s] Level 1:colcon.colcon_core.package_discovery:discover_packages(recursive) check parameters
[3.374s] Level 1:colcon.colcon_core.package_discovery:discover_packages(ignore) check parameters
[3.374s] Level 1:colcon.colcon_core.package_discovery:discover_packages(path) check parameters
[3.374s] Level 1:colcon.colcon_core.package_discovery:discover_packages(colcon_meta) discover
[3.374s] Level 1:colcon.colcon_core.package_discovery:discover_packages(recursive) discover
[3.374s] INFO:colcon.colcon_core.package_discovery:Crawling recursively for packages in '/home/ana/meu_workspace/src/turtlebot3_teleop2'
[3.375s] Level 1:colcon.colcon_core.package_identification:_identify(.) by extensions ['ignore', 'ignore_ament_install']
[3.375s] Level 1:colcon.colcon_core.package_identification:_identify(.) by extension 'ignore'
[3.375s] Level 1:colcon.colcon_core.package_identification:_identify(.) by extension 'ignore_ament_install'
[3.375s] Level 1:colcon.colcon_core.package_identification:_identify(.) by extensions ['colcon_pkg']
[3.375s] Level 1:colcon.colcon_core.package_identification:_identify(.) by extension 'colcon_pkg'
[3.375s] Level 1:colcon.colcon_core.package_identification:_identify(.) by extensions ['colcon_meta']
[3.375s] Level 1:colcon.colcon_core.package_identification:_identify(.) by extension 'colcon_meta'
[3.375s] Level 1:colcon.colcon_core.package_identification:_identify(.) by extensions ['ros']
[3.376s] Level 1:colcon.colcon_core.package_identification:_identify(.) by extension 'ros'
[3.434s] DEBUG:colcon.colcon_core.package_identification:Package '.' with type 'ros.ament_python' and name 'turtlebot3_teleop2'
[3.434s] Level 1:colcon.colcon_core.package_discovery:discover_packages(recursive) using defaults
[3.434s] Level 1:colcon.colcon_core.package_discovery:discover_packages(ignore) discover
[3.434s] Level 1:colcon.colcon_core.package_discovery:discover_packages(ignore) using defaults
[3.434s] Level 1:colcon.colcon_core.package_discovery:discover_packages(path) discover
[3.434s] Level 1:colcon.colcon_core.package_discovery:discover_packages(path) using defaults
[3.669s] Level 1:colcon.colcon_core.package_discovery:discover_packages(prefix_path) check parameters
[3.670s] Level 1:colcon.colcon_core.package_discovery:discover_packages(prefix_path) discover
[3.757s] DEBUG:colcon.colcon_installed_package_information.package_discovery:Found 402 installed packages in /opt/ros/humble
[3.762s] Level 1:colcon.colcon_core.package_discovery:discover_packages(prefix_path) using defaults
[3.847s] Level 5:colcon.colcon_core.verb:set package 'turtlebot3_teleop2' build argument 'cmake_args' from command line to 'None'
[3.847s] Level 5:colcon.colcon_core.verb:set package 'turtlebot3_teleop2' build argument 'cmake_target' from command line to 'None'
[3.847s] Level 5:colcon.colcon_core.verb:set package 'turtlebot3_teleop2' build argument 'cmake_target_skip_unavailable' from command line to 'False'
[3.847s] Level 5:colcon.colcon_core.verb:set package 'turtlebot3_teleop2' build argument 'cmake_clean_cache' from command line to 'False'
[3.847s] Level 5:colcon.colcon_core.verb:set package 'turtlebot3_teleop2' build argument 'cmake_clean_first' from command line to 'False'
[3.847s] Level 5:colcon.colcon_core.verb:set package 'turtlebot3_teleop2' build argument 'cmake_force_configure' from command line to 'False'
[3.847s] Level 5:colcon.colcon_core.verb:set package 'turtlebot3_teleop2' build argument 'ament_cmake_args' from command line to 'None'
[3.847s] Level 5:colcon.colcon_core.verb:set package 'turtlebot3_teleop2' build argument 'catkin_cmake_args' from command line to 'None'
[3.847s] Level 5:colcon.colcon_core.verb:set package 'turtlebot3_teleop2' build argument 'catkin_skip_building_tests' from command line to 'False'
[3.847s] DEBUG:colcon.colcon_core.verb:Building package 'turtlebot3_teleop2' with the following arguments: {'ament_cmake_args': None, 'build_base': '/home/ana/meu_workspace/src/turtlebot3_teleop2/build/turtlebot3_teleop2', 'catkin_cmake_args': None, 'catkin_skip_building_tests': False, 'cmake_args': None, 'cmake_clean_cache': False, 'cmake_clean_first': False, 'cmake_force_configure': False, 'cmake_target': None, 'cmake_target_skip_unavailable': False, 'install_base': '/home/ana/meu_workspace/src/turtlebot3_teleop2/install/turtlebot3_teleop2', 'merge_install': False, 'path': '/home/ana/meu_workspace/src/turtlebot3_teleop2', 'symlink_install': False, 'test_result_base': None}
[3.848s] INFO:colcon.colcon_core.executor:Executing jobs using 'parallel' executor
[3.849s] DEBUG:colcon.colcon_parallel_executor.executor.parallel:run_until_complete
[3.849s] INFO:colcon.colcon_ros.task.ament_python.build:Building ROS package in '/home/ana/meu_workspace/src/turtlebot3_teleop2' with build type 'ament_python'
[3.849s] Level 1:colcon.colcon_core.shell:create_environment_hook('turtlebot3_teleop2', 'ament_prefix_path')
[3.874s] INFO:colcon.colcon_core.plugin_system:Skipping extension 'colcon_core.shell.bat': Not used on non-Windows systems
[3.874s] INFO:colcon.colcon_core.shell:Creating environment hook '/home/ana/meu_workspace/src/turtlebot3_teleop2/install/turtlebot3_teleop2/share/turtlebot3_teleop2/hook/ament_prefix_path.ps1'
[3.887s] INFO:colcon.colcon_core.shell:Creating environment descriptor '/home/ana/meu_workspace/src/turtlebot3_teleop2/install/turtlebot3_teleop2/share/turtlebot3_teleop2/hook/ament_prefix_path.dsv'
[3.899s] INFO:colcon.colcon_core.shell:Creating environment hook '/home/ana/meu_workspace/src/turtlebot3_teleop2/install/turtlebot3_teleop2/share/turtlebot3_teleop2/hook/ament_prefix_path.sh'
[3.912s] INFO:colcon.colcon_core.shell:Skip shell extension 'powershell' for command environment: Not usable outside of PowerShell
[3.912s] DEBUG:colcon.colcon_core.shell:Skip shell extension 'dsv' for command environment
[4.234s] INFO:colcon.colcon_core.task.python.build:Building Python package in '/home/ana/meu_workspace/src/turtlebot3_teleop2'
[4.234s] INFO:colcon.colcon_core.shell:Skip shell extension 'powershell' for command environment: Not usable outside of PowerShell
[4.234s] DEBUG:colcon.colcon_core.shell:Skip shell extension 'dsv' for command environment
[6.632s] DEBUG:colcon.colcon_core.event_handler.log_command:Invoking command in '/home/ana/meu_workspace/src/turtlebot3_teleop2': PYTHONPATH=/home/ana/meu_workspace/src/turtlebot3_teleop2/build/turtlebot3_teleop2/prefix_override:/home/ana/meu_workspace/src/turtlebot3_teleop2/install/turtlebot3_teleop2/lib/python3.10/site-packages:${PYTHONPATH} /usr/bin/python3 -W ignore:setup.py install is deprecated setup.py egg_info --egg-base build/turtlebot3_teleop2 build --build-base /home/ana/meu_workspace/src/turtlebot3_teleop2/build/turtlebot3_teleop2/build install --record /home/ana/meu_workspace/src/turtlebot3_teleop2/build/turtlebot3_teleop2/install.log --single-version-externally-managed install_data
[6.895s] DEBUG:colcon.colcon_core.event_handler.log_command:Invoked command in '/home/ana/meu_workspace/src/turtlebot3_teleop2' returned '0': PYTHONPATH=/home/ana/meu_workspace/src/turtlebot3_teleop2/build/turtlebot3_teleop2/prefix_override:/home/ana/meu_workspace/src/turtlebot3_teleop2/install/turtlebot3_teleop2/lib/python3.10/site-packages:${PYTHONPATH} /usr/bin/python3 -W ignore:setup.py install is deprecated setup.py egg_info --egg-base build/turtlebot3_teleop2 build --build-base /home/ana/meu_workspace/src/turtlebot3_teleop2/build/turtlebot3_teleop2/build install --record /home/ana/meu_workspace/src/turtlebot3_teleop2/build/turtlebot3_teleop2/install.log --single-version-externally-managed install_data
[6.932s] Level 1:colcon.colcon_core.environment:checking '/home/ana/meu_workspace/src/turtlebot3_teleop2/install/turtlebot3_teleop2' for CMake module files
[6.933s] Level 1:colcon.colcon_core.environment:checking '/home/ana/meu_workspace/src/turtlebot3_teleop2/install/turtlebot3_teleop2' for CMake config files
[6.935s] Level 1:colcon.colcon_core.environment:checking '/home/ana/meu_workspace/src/turtlebot3_teleop2/install/turtlebot3_teleop2/lib'
[6.935s] Level 1:colcon.colcon_core.environment:checking '/home/ana/meu_workspace/src/turtlebot3_teleop2/install/turtlebot3_teleop2/bin'
[6.935s] Level 1:colcon.colcon_core.environment:checking '/home/ana/meu_workspace/src/turtlebot3_teleop2/install/turtlebot3_teleop2/lib/pkgconfig/turtlebot3_teleop2.pc'
[6.936s] Level 1:colcon.colcon_core.environment:checking '/home/ana/meu_workspace/src/turtlebot3_teleop2/install/turtlebot3_teleop2/lib/python3.10/site-packages'
[6.936s] Level 1:colcon.colcon_core.shell:create_environment_hook('turtlebot3_teleop2', 'pythonpath')
[6.936s] INFO:colcon.colcon_core.shell:Creating environment hook '/home/ana/meu_workspace/src/turtlebot3_teleop2/install/turtlebot3_teleop2/share/turtlebot3_teleop2/hook/pythonpath.ps1'
[6.937s] INFO:colcon.colcon_core.shell:Creating environment descriptor '/home/ana/meu_workspace/src/turtlebot3_teleop2/install/turtlebot3_teleop2/share/turtlebot3_teleop2/hook/pythonpath.dsv'
[6.937s] INFO:colcon.colcon_core.shell:Creating environment hook '/home/ana/meu_workspace/src/turtlebot3_teleop2/install/turtlebot3_teleop2/share/turtlebot3_teleop2/hook/pythonpath.sh'
[6.938s] Level 1:colcon.colcon_core.environment:checking '/home/ana/meu_workspace/src/turtlebot3_teleop2/install/turtlebot3_teleop2/bin'
[6.938s] Level 1:colcon.colcon_core.environment:create_environment_scripts_only(turtlebot3_teleop2)
[6.939s] INFO:colcon.colcon_core.shell:Creating package script '/home/ana/meu_workspace/src/turtlebot3_teleop2/install/turtlebot3_teleop2/share/turtlebot3_teleop2/package.ps1'
[6.952s] INFO:colcon.colcon_core.shell:Creating package descriptor '/home/ana/meu_workspace/src/turtlebot3_teleop2/install/turtlebot3_teleop2/share/turtlebot3_teleop2/package.dsv'
[6.964s] INFO:colcon.colcon_core.shell:Creating package script '/home/ana/meu_workspace/src/turtlebot3_teleop2/install/turtlebot3_teleop2/share/turtlebot3_teleop2/package.sh'
[6.977s] INFO:colcon.colcon_core.shell:Creating package script '/home/ana/meu_workspace/src/turtlebot3_teleop2/install/turtlebot3_teleop2/share/turtlebot3_teleop2/package.bash'
[6.990s] INFO:colcon.colcon_core.shell:Creating package script '/home/ana/meu_workspace/src/turtlebot3_teleop2/install/turtlebot3_teleop2/share/turtlebot3_teleop2/package.zsh'
[7.003s] Level 1:colcon.colcon_core.environment:create_file_with_runtime_dependencies(/home/ana/meu_workspace/src/turtlebot3_teleop2/install/turtlebot3_teleop2/share/colcon-core/packages/turtlebot3_teleop2)
[7.004s] DEBUG:colcon.colcon_parallel_executor.executor.parallel:closing loop
[7.004s] DEBUG:colcon.colcon_parallel_executor.executor.parallel:loop closed
[7.004s] DEBUG:colcon.colcon_parallel_executor.executor.parallel:run_until_complete finished with '0'
[7.005s] DEBUG:colcon.colcon_core.event_reactor:joining thread
[7.071s] INFO:colcon.colcon_core.plugin_system:Skipping extension 'colcon_notification.desktop_notification.terminal_notifier': Not used on non-Darwin systems
[7.072s] INFO:colcon.colcon_core.plugin_system:Skipping extension 'colcon_notification.desktop_notification.win32': Not used on non-Windows systems
[7.072s] INFO:colcon.colcon_notification.desktop_notification:Sending desktop notification using 'notify2'
[7.096s] DEBUG:colcon.colcon_core.event_reactor:joined thread
[7.097s] INFO:colcon.colcon_core.shell:Creating prefix script '/home/ana/meu_workspace/src/turtlebot3_teleop2/install/local_setup.ps1'
[7.106s] INFO:colcon.colcon_core.shell:Creating prefix util module '/home/ana/meu_workspace/src/turtlebot3_teleop2/install/_local_setup_util_ps1.py'
[7.109s] INFO:colcon.colcon_core.shell:Creating prefix chain script '/home/ana/meu_workspace/src/turtlebot3_teleop2/install/setup.ps1'
[7.111s] INFO:colcon.colcon_core.shell:Creating prefix script '/home/ana/meu_workspace/src/turtlebot3_teleop2/install/local_setup.sh'
[7.112s] INFO:colcon.colcon_core.shell:Creating prefix util module '/home/ana/meu_workspace/src/turtlebot3_teleop2/install/_local_setup_util_sh.py'
[7.112s] INFO:colcon.colcon_core.shell:Creating prefix chain script '/home/ana/meu_workspace/src/turtlebot3_teleop2/install/setup.sh'
[7.124s] INFO:colcon.colcon_core.shell:Creating prefix script '/home/ana/meu_workspace/src/turtlebot3_teleop2/install/local_setup.bash'
[7.136s] INFO:colcon.colcon_core.shell:Creating prefix chain script '/home/ana/meu_workspace/src/turtlebot3_teleop2/install/setup.bash'
[7.150s] INFO:colcon.colcon_core.shell:Creating prefix script '/home/ana/meu_workspace/src/turtlebot3_teleop2/install/local_setup.zsh'
[7.162s] INFO:colcon.colcon_core.shell:Creating prefix chain script '/home/ana/meu_workspace/src/turtlebot3_teleop2/install/setup.zsh'
